This is pdfTeX, Version 3.14159-1.00a-pretest-20011114-ojmw (Web2C 7.3.7) (format=pdflatex 2002.12.12)  17 FEB 2003 18:33
**\nonstopmode \input /home/hothorn/projects/packages/ipred/inst/doc/ipred-exam
ples.tex
(/home/hothorn/projects/packages/ipred/inst/doc/ipred-examples.tex
(/usr/share/texmf/tex/latex/base/article.cls
Document Class: article 2001/04/21 v1.4e Standard LaTeX document class
(/usr/share/texmf/tex/latex/base/size11.clo
File: size11.clo 2001/04/21 v1.4e Standard LaTeX file (size option)
)
\c@part=\count79
\c@section=\count80
\c@subsection=\count81
\c@subsubsection=\count82
\c@paragraph=\count83
\c@subparagraph=\count84
\c@figure=\count85
\c@table=\count86
\abovecaptionskip=\skip41
\belowcaptionskip=\skip42
\bibindent=\dimen102
)
(/usr/share/texmf/tex/latex/natbib/natbib.sty
Package: natbib 2000/07/24 7.0a (PWD)
\bibhang=\skip43
\bibsep=\skip44
LaTeX Info: Redefining \cite on input line 508.
\c@NAT@ctr=\count87
)
(/usr/share/texmf/tex/latex/natbib/bibentry.sty
Package: bibentry 1999/02/23 1.2 (PWD)
)
(/usr/share/texmf/tex/latex/amsfonts/amsfonts.sty
Package: amsfonts 1997/09/17 v2.2e
\@emptytoks=\toks14
\symAMSa=\mathgroup4
\symAMSb=\mathgroup5
LaTeX Font Info:    Overwriting math alphabet `\mathfrak' in version `bold'
(Font)                  U/euf/m/n --> U/euf/b/n on input line 133.
)
(/usr/share/texmf/tex/latex/hyperref/hyperref.sty
Package: hyperref 2001/11/12 v6.71v Hypertext links for LaTeX

(/usr/share/texmf/tex/latex/graphics/keyval.sty
Package: keyval 1999/03/16 v1.13 key=value parser (DPC)
\KV@toks@=\toks15
)
\@linkdim=\dimen103
\Hy@linkcounter=\count88
\Hy@pagecounter=\count89

(/usr/share/texmf/tex/latex/hyperref/pd1enc.def
File: pd1enc.def 2001/11/12 v6.71v Hyperref: PDFDocEncoding definition (HO)
)
Package hyperref Info: Bookmarks ON on input line 1712.
Package hyperref Info: Hyper figures OFF on input line 1731.
Package hyperref Info: Link nesting OFF on input line 1736.
Package hyperref Info: Hyper index ON on input line 1739.
Package hyperref Info: Plain pages ON on input line 1744.
Package hyperref Info: Backreferencing OFF on input line 1751.

Implicit mode ON; LaTeX internals redefined
(/usr/share/texmf/tex/latex/latex2html/url.sty
Package: url 1999/03/02  ver 1.4  Verb mode for urls, email addresses, and file
 names
)
LaTeX Info: Redefining \url on input line 1961.
\Fld@menulength=\count90
\Field@Width=\dimen104
\Fld@charsize=\dimen105
\Choice@toks=\toks16
\Field@toks=\toks17
Package hyperref Info: Hyper figures OFF on input line 2407.
Package hyperref Info: Link nesting OFF on input line 2412.
Package hyperref Info: Hyper index ON on input line 2415.
Package hyperref Info: backreferencing OFF on input line 2422.
Package hyperref Info: Link coloring OFF on input line 2427.
\c@Item=\count91
\c@Hfootnote=\count92
)
*hyperref using default driver hpdftex*
(/usr/share/texmf/tex/latex/hyperref/hpdftex.def
File: hpdftex.def 2001/11/12 v6.71v Hyperref driver for pdfTeX

(/usr/share/texmf/tex/latex/psnfss/pifont.sty
Package: pifont 2001/06/04 PSNFSS-v8.2 Pi font support (SPQR) 
LaTeX Font Info:    Try loading font information for U+pzd on input line 62.

(/usr/share/texmf/tex/latex/psnfss/upzd.fd
File: upzd.fd 2001/06/04 font definitions for U/pzd.
)
LaTeX Font Info:    Try loading font information for U+psy on input line 63.

(/usr/share/texmf/tex/latex/psnfss/upsy.fd
File: upsy.fd 2001/06/04 font definitions for U/psy.
))
\Fld@listcount=\count93
\@outlinefile=\write3
)
(/usr/local/lib/R/share/texmf/Sweave.sty
(/usr/share/texmf/tex/latex/base/fontenc.sty
Package: fontenc 2001/06/05 v1.94 Standard LaTeX package

(/usr/share/texmf/tex/latex/base/t1enc.def
File: t1enc.def 2001/06/05 v1.94 Standard LaTeX file
LaTeX Font Info:    Redeclaring font encoding T1 on input line 38.
))
(/usr/share/texmf/tex/latex/graphics/graphicx.sty
Package: graphicx 1999/02/16 v1.0f Enhanced LaTeX Graphics (DPC,SPQR)

(/usr/share/texmf/tex/latex/graphics/graphics.sty
Package: graphics 2001/07/07 v1.0n Standard LaTeX Graphics (DPC,SPQR)

(/usr/share/texmf/tex/latex/graphics/trig.sty
Package: trig 1999/03/16 v1.09 sin cos tan (DPC)
)
(/usr/share/texmf/tex/latex/config/graphics.cfg
File: graphics.cfg 2001/08/31 v1.1 graphics configuration of teTeX/TeXLive
)
Package graphics Info: Driver file: pdftex.def on input line 80.

(/usr/share/texmf/tex/latex/graphics/pdftex.def
File: pdftex.def 2001/11/29 v0.03i graphics/color for pdftex
\Gread@gobject=\count94
))
\Gin@req@height=\dimen106
\Gin@req@width=\dimen107
)
(/usr/share/texmf/tex/latex/ae/ae.sty
Package: ae 2001/02/12 1.3 Almost European Computer Modern

(/usr/share/texmf/tex/latex/base/fontenc.sty
Package: fontenc 2001/06/05 v1.94 Standard LaTeX package

(/usr/share/texmf/tex/latex/base/t1enc.def
File: t1enc.def 2001/06/05 v1.94 Standard LaTeX file
LaTeX Font Info:    Redeclaring font encoding T1 on input line 38.
)
LaTeX Font Info:    Try loading font information for T1+aer on input line 95.

(/usr/share/texmf/tex/latex/ae/t1aer.fd
File: t1aer.fd 1997/11/16 Font definitions for T1/aer.
)))
(/usr/share/texmf/tex/latex/fancyvrb/fancyvrb.sty
Package: fancyvrb 2000/03/21

Style option: `fancyvrb' v2.7, with DG/SPQR fixes <2000/03/21> (tvz)
\FV@CodeLineNo=\count95
\FV@InFile=\read1
\FV@TabBox=\box26
\c@FancyVerbLine=\count96
\FV@StepNumber=\count97
\FV@OutFile=\write4
))
(./ipred-examples.aux)
\openout1 = `ipred-examples.aux'.

LaTeX Font Info:    Checking defaults for OML/cmm/m/it on input line 14.
LaTeX Font Info:    ... okay on input line 14.
LaTeX Font Info:    Checking defaults for T1/cmr/m/n on input line 14.
LaTeX Font Info:    ... okay on input line 14.
LaTeX Font Info:    Checking defaults for OT1/cmr/m/n on input line 14.
LaTeX Font Info:    ... okay on input line 14.
LaTeX Font Info:    Checking defaults for OMS/cmsy/m/n on input line 14.
LaTeX Font Info:    ... okay on input line 14.
LaTeX Font Info:    Checking defaults for OMX/cmex/m/n on input line 14.
LaTeX Font Info:    ... okay on input line 14.
LaTeX Font Info:    Checking defaults for U/cmr/m/n on input line 14.
LaTeX Font Info:    ... okay on input line 14.
LaTeX Font Info:    Checking defaults for PD1/pdf/m/n on input line 14.
LaTeX Font Info:    ... okay on input line 14.
Package hyperref Info: Link coloring OFF on input line 14.
 (/usr/share/texmf/tex/latex/hyperref/nameref.sty
Package: nameref 2001/01/27 v2.19 Cross-referencing by name of section
\c@section@level=\count98
)
LaTeX Info: Redefining \ref on input line 14.
LaTeX Info: Redefining \pageref on input line 14.

(./ipred-examples.out) (./ipred-examples.out)
\openout3 = `ipred-examples.out'.


(/usr/share/texmf/tex/context/base/supp-pdf.tex
(/usr/share/texmf/tex/context/base/supp-mis.tex
loading : Context Support Macros / Missing
\protectiondepth=\count99
\scratchcounter=\count100
\scratchtoks=\toks18
\scratchdimen=\dimen108
\scratchskip=\skip45
\scratchmuskip=\muskip10
\scratchbox=\box27
\scratchread=\read2
\scratchwrite=\write5
\zeropoint=\dimen109
\nextbox=\box28
\nextdepth=\dimen110
\everyline=\toks19
\!!counta=\count101
\!!countb=\count102
\recursecounter=\count103
)
loading : Context Support Macros / PDF
\nofMPsegments=\count104
\nofMParguments=\count105
\everyMPtoPDFconversion=\toks20
)
LaTeX Font Info:    Try loading font information for T1+aett on input line 20.
 (/usr/share/texmf/tex/latex/ae/t1aett.fd
File: t1aett.fd 1997/11/16 Font definitions for T1/aett.
)
LaTeX Font Info:    Try loading font information for U+msa on input line 20.

(/usr/share/texmf/tex/latex/amsfonts/umsa.fd
File: umsa.fd 1995/01/05 v2.2e AMS font definitions
)
LaTeX Font Info:    Try loading font information for U+msb on input line 20.

(/usr/share/texmf/tex/latex/amsfonts/umsb.fd
File: umsb.fd 1995/01/05 v2.2e AMS font definitions
)

LaTeX Warning: No \author given.

[1

{/usr/share/texmf/dvips/config/pdftex.map}] [2] [3] [4] [5] [6] [7]
Overfull \hbox (1.33319pt too wide) in paragraph at lines 299--320
/aer10@10.95pt/Classification rules are usu-ally as-sessed by their mis-clas-si
-fi-ca-tion rate. Hence,
 []

[8] [9] [10] (./ipred-examples.bbl [11]) [12] (./ipred-examples.aux) ) 
Here is how much of TeX's memory you used:
 3468 strings out of 50428
 45866 string characters out of 440380
 94680 words of memory out of 263001
 6372 multiletter control sequences out of 10000+15000
 32356 words of font info for 80 fonts, out of 500000 for 1000
 14 hyphenation exceptions out of 1000
 35i,7n,36p,309b,406s stack positions out of 3000i,500n,3000p,50000b,5000s
</usr/sha
re/texmf/fonts/type1/bluesky/cm/cmti10.pfb></usr/share/texmf/fonts/type1/bluesk
y/cm/cmsl10.pfb></usr/share/texmf/fonts/type1/bluesky/cm/cmsltt10.pfb></usr/sha
re/texmf/fonts/type1/bluesky/cm/line10.pfb></usr/share/texmf/fonts/type1/bluesk
y/cm/cmmi7.pfb></usr/share/texmf/fonts/type1/bluesky/cm/cmmi8.pfb></usr/share/t
exmf/fonts/type1/bluesky/cm/cmmi10.pfb></usr/share/texmf/fonts/type1/bluesky/cm
/cmsy10.pfb></usr/share/texmf/fonts/type1/bluesky/cm/cmtt10.pfb></usr/share/tex
mf/fonts/type1/bluesky/cm/cmbx12.pfb></usr/share/texmf/fonts/type1/bluesky/cm/c
mr10.pfb></usr/share/texmf/fonts/type1/bluesky/cm/cmr17.pfb></usr/share/texmf/f
onts/type1/bluesky/cm/cmtt12.pfb>
Output written on ipred-examples.pdf (12 pages, 122894 bytes).
